Build started 17/03/2024 12:43:18.
Project "C:\Users\vxiiduu\Documents\Visual Studio 2010\Projects\VxKex\01-Development Utilities\KexExprt\KexExprt.vcxproj" on node 2 (build target(s)).
InitializeBuildStatus:
  Creating "x64\Debug\KexExprt.unsuccessfulbuild" because "AlwaysCreate" was specified.
ClCompile:
  C:\Program Files (x86)\Microsoft Visual Studio 10.0\VC\bin\x86_amd64\CL.exe /c /I"C:\Users\vxiiduu\Documents\Visual Studio 2010\Projects\VxKex\\00-Common Headers" /Zi /nologo /W3 /WX /MP /Od /D WIN32 /D _DEBUG /D _WINDOWS /D _UNICODE /D UNICODE /Gm- /EHsc /MDd /GS- /fp:precise /Zc:wchar_t /Zc:forScope /Fo"x64\Debug\\" /Fd"x64\Debug\vc100.pdb" /Gd /TC /errorReport:prompt dump.c
  dump.c
ResourceCompile:
  All outputs are up-to-date.
Link:
  C:\Program Files (x86)\Microsoft Visual Studio 10.0\VC\bin\x86_amd64\link.exe /ERRORREPORT:PROMPT /OUT:"C:\Users\vxiiduu\Documents\Visual Studio 2010\Projects\VxKex\x64\Debug\KexExprt.exe" /INCREMENTAL:NO /NOLOGO /LIBPATH:"C:\Users\vxiiduu\Documents\Visual Studio 2010\Projects\VxKex\x64\Debug\\" /LIBPATH:"C:\Users\vxiiduu\Documents\Visual Studio 2010\Projects\VxKex\\00-Import Libraries" /MANIFEST /ManifestFile:"x64\Debug\KexExprt.exe.intermediate.manifest" /MANIFESTUAC:"level='asInvoker' uiAccess='false'" /DEBUG /PDB:"C:\Users\vxiiduu\Documents\Visual Studio 2010\Projects\VxKex\x64\Debug\KexExprt.pdb" /SUBSYSTEM:WINDOWS /TLBID:1 /DYNAMICBASE /NXCOMPAT /IMPLIB:"C:\Users\vxiiduu\Documents\Visual Studio 2010\Projects\VxKex\x64\Debug\KexExprt.lib" /MACHINE:X64 x64\Debug\KexExprt.res
  x64\Debug\dump.obj
  x64\Debug\kexexprt.obj
  KexExprt.vcxproj -> C:\Users\vxiiduu\Documents\Visual Studio 2010\Projects\VxKex\x64\Debug\KexExprt.exe
Manifest:
  C:\Program Files (x86)\Microsoft SDKs\Windows\v7.0A\bin\mt.exe /nologo /verbose /outputresource:"C:\Users\vxiiduu\Documents\Visual Studio 2010\Projects\VxKex\x64\Debug\KexExprt.exe;#1" /manifest x64\Debug\KexExprt.exe.intermediate.manifest
FinalizeBuildStatus:
  Deleting file "x64\Debug\KexExprt.unsuccessfulbuild".
  Touching "x64\Debug\KexExprt.lastbuildstate".
Done Building Project "C:\Users\vxiiduu\Documents\Visual Studio 2010\Projects\VxKex\01-Development Utilities\KexExprt\KexExprt.vcxproj" (build target(s)).

Build succeeded.

Time Elapsed 00:00:00.40
